# JRE version: OpenJDK Runtime Environment Temurin-21.0.10+7 (21.0.10+7) (build 21.0.10+7-LTS)
# Java VM: OpenJDK 64-Bit Server VM Temurin-21.0.10+7 (21.0.10+7-LTS, mixed mode, sharing, tiered, compressed oops, compressed class ptrs, parallel gc, windows-amd64)
GC Precious Log:
 CardTable entry size: 512
 CPUs: 8 total, 8 available
 Memory: 16106M
 Large Page Support: Disabled
 NUMA Support: Disabled
 Compressed Oops: Enabled (32-bit)
 Alignments: Space 512K, Generation 512K, Heap 2M
 Heap Min Capacity: 100M
 Heap Initial Capacity: 100M
 Heap Max Capacity: 2G
 Pre-touch: Disabled
 Parallel Workers: 8
Heap:
 PSYoungGen      total 7680K, used 7094K [0x00000000d5580000, 0x00000000d6000000, 0x0000000100000000)
  eden space 7168K, 94% used [0x00000000d5580000,0x00000000d5c1db90,0x00000000d5c80000)
  from space 512K, 62% used [0x00000000d5f80000,0x00000000d5fd0000,0x00000000d6000000)
  to   space 512K, 0% used [0x00000000d5f00000,0x00000000d5f00000,0x00000000d5f80000)
 ParOldGen       total 708608K, used 705869K [0x0000000080000000, 0x00000000ab400000, 0x00000000d5580000)
  object space 708608K, 99% used [0x0000000080000000,0x00000000ab1535c8,0x00000000ab400000)
 Metaspace       used 86061K, committed 87616K, reserved 1179648K
  class space    used 8580K, committed 9280K, reserved 1048576K
GC Heap History (20 events):
Event: 31386.218 GC heap before
{Heap before GC invocations=1937 (full 8):
 PSYoungGen      total 5120K, used 4832K [0x00000000d5580000, 0x00000000d5c00000, 0x0000000100000000)
  eden space 4096K, 100% used [0x00000000d5580000,0x00000000d5980000,0x00000000d5980000)
  from space 1024K, 71% used [0x00000000d5b00000,0x00000000d5bb8000,0x00000000d5c00000)
  to   space 1024K, 0% used [0x00000000d5a00000,0x00000000d5a00000,0x00000000d5b00000)
 ParOldGen       total 605696K, used 605568K [0x0000000080000000, 0x00000000a4f80000, 0x00000000d5580000)
  object space 605696K, 99% used [0x0000000080000000,0x00000000a4f60248,0x00000000a4f80000)
 Metaspace       used 85859K, committed 87424K, reserved 1179648K
  class space    used 8560K, committed 9280K, reserved 1048576K
}
Event: 31386.220 GC heap after
{Heap after GC invocations=1937 (full 8):
 PSYoungGen      total 5632K, used 983K [0x00000000d5580000, 0x00000000d5d80000, 0x0000000100000000)
  eden space 4608K, 0% used [0x00000000d5580000,0x00000000d5580000,0x00000000d5a00000)
  from space 1024K, 96% used [0x00000000d5a00000,0x00000000d5af5e10,0x00000000d5b00000)
  to   space 1536K, 0% used [0x00000000d5c00000,0x00000000d5c00000,0x00000000d5d80000)
 ParOldGen       total 606208K, used 606136K [0x0000000080000000, 0x00000000a5000000, 0x00000000d5580000)
  object space 606208K, 99% used [0x0000000080000000,0x00000000a4fee248,0x00000000a5000000)
 Metaspace       used 85859K, committed 87424K, reserved 1179648K
  class space    used 8560K, committed 9280K, reserved 1048576K
}
Event: 31386.226 GC heap before
{Heap before GC invocations=1938 (full 8):
 PSYoungGen      total 5632K, used 5591K [0x00000000d5580000, 0x00000000d5d80000, 0x0000000100000000)
  eden space 4608K, 100% used [0x00000000d5580000,0x00000000d5a00000,0x00000000d5a00000)
  from space 1024K, 96% used [0x00000000d5a00000,0x00000000d5af5e10,0x00000000d5b00000)
  to   space 1536K, 0% used [0x00000000d5c00000,0x00000000d5c00000,0x00000000d5d80000)
 ParOldGen       total 606208K, used 606136K [0x0000000080000000, 0x00000000a5000000, 0x00000000d5580000)
  object space 606208K, 99% used [0x0000000080000000,0x00000000a4fee248,0x00000000a5000000)
 Metaspace       used 85859K, committed 87424K, reserved 1179648K
  class space    used 8560K, committed 9280K, reserved 1048576K
}
Event: 31386.228 GC heap after
{Heap after GC invocations=1938 (full 8):
 PSYoungGen      total 6656K, used 832K [0x00000000d5580000, 0x00000000d5d00000, 0x0000000100000000)
  eden space 5632K, 0% used [0x00000000d5580000,0x00000000d5580000,0x00000000d5b00000)
  from space 1024K, 81% used [0x00000000d5c00000,0x00000000d5cd0000,0x00000000d5d00000)
  to   space 1024K, 0% used [0x00000000d5b00000,0x00000000d5b00000,0x00000000d5c00000)
 ParOldGen       total 607232K, used 606880K [0x0000000080000000, 0x00000000a5100000, 0x00000000d5580000)
  object space 607232K, 99% used [0x0000000080000000,0x00000000a50a8298,0x00000000a5100000)
 Metaspace       used 85859K, committed 87424K, reserved 1179648K
  class space    used 8560K, committed 9280K, reserved 1048576K
}
Event: 31386.241 GC heap before
{Heap before GC invocations=1939 (full 8):
 PSYoungGen      total 6656K, used 6464K [0x00000000d5580000, 0x00000000d5d00000, 0x0000000100000000)
  eden space 5632K, 100% used [0x00000000d5580000,0x00000000d5b00000,0x00000000d5b00000)
  from space 1024K, 81% used [0x00000000d5c00000,0x00000000d5cd0000,0x00000000d5d00000)
  to   space 1024K, 0% used [0x00000000d5b00000,0x00000000d5b00000,0x00000000d5c00000)
 ParOldGen       total 607232K, used 606880K [0x0000000080000000, 0x00000000a5100000, 0x00000000d5580000)
  object space 607232K, 99% used [0x0000000080000000,0x00000000a50a8298,0x00000000a5100000)
 Metaspace       used 85859K, committed 87424K, reserved 1179648K
  class space    used 8560K, committed 9280K, reserved 1048576K
}
Event: 31386.243 GC heap after
{Heap after GC invocations=1939 (full 8):
 PSYoungGen      total 6656K, used 443K [0x00000000d5580000, 0x00000000d5e80000, 0x0000000100000000)
  eden space 5632K, 0% used [0x00000000d5580000,0x00000000d5580000,0x00000000d5b00000)
  from space 1024K, 43% used [0x00000000d5b00000,0x00000000d5b6efb8,0x00000000d5c00000)
  to   space 1024K, 0% used [0x00000000d5d80000,0x00000000d5d80000,0x00000000d5e80000)
 ParOldGen       total 607744K, used 607536K [0x0000000080000000, 0x00000000a5180000, 0x00000000d5580000)
  object space 607744K, 99% used [0x0000000080000000,0x00000000a514c298,0x00000000a5180000)
 Metaspace       used 85859K, committed 87424K, reserved 1179648K
  class space    used 8560K, committed 9280K, reserved 1048576K
}
Event: 31404.917 GC heap before
{Heap before GC invocations=1940 (full 8):
 PSYoungGen      total 6656K, used 6075K [0x00000000d5580000, 0x00000000d5e80000, 0x0000000100000000)
  eden space 5632K, 100% used [0x00000000d5580000,0x00000000d5b00000,0x00000000d5b00000)
  from space 1024K, 43% used [0x00000000d5b00000,0x00000000d5b6efb8,0x00000000d5c00000)
  to   space 1024K, 0% used [0x00000000d5d80000,0x00000000d5d80000,0x00000000d5e80000)
 ParOldGen       total 607744K, used 607536K [0x0000000080000000, 0x00000000a5180000, 0x00000000d5580000)
  object space 607744K, 99% used [0x0000000080000000,0x00000000a514c298,0x00000000a5180000)
 Metaspace       used 85921K, committed 87488K, reserved 1179648K
  class space    used 8572K, committed 9280K, reserved 1048576K
}
Event: 31404.921 GC heap after
{Heap after GC invocations=1940 (full 8):
 PSYoungGen      total 7680K, used 192K [0x00000000d5580000, 0x00000000d5e00000, 0x0000000100000000)
  eden space 7168K, 0% used [0x00000000d5580000,0x00000000d5580000,0x00000000d5c80000)
  from space 512K, 37% used [0x00000000d5d80000,0x00000000d5db0000,0x00000000d5e00000)
  to   space 512K, 0% used [0x00000000d5d00000,0x00000000d5d00000,0x00000000d5d80000)
 ParOldGen       total 608256K, used 607816K [0x0000000080000000, 0x00000000a5200000, 0x00000000d5580000)
  object space 608256K, 99% used [0x0000000080000000,0x00000000a5192298,0x00000000a5200000)
 Metaspace       used 85921K, committed 87488K, reserved 1179648K
  class space    used 8572K, committed 9280K, reserved 1048576K
}
Event: 31408.956 GC heap before
{Heap before GC invocations=1941 (full 8):
 PSYoungGen      total 7680K, used 6641K [0x00000000d5580000, 0x00000000d5e00000, 0x0000000100000000)
  eden space 7168K, 89% used [0x00000000d5580000,0x00000000d5bcc638,0x00000000d5c80000)
  from space 512K, 37% used [0x00000000d5d80000,0x00000000d5db0000,0x00000000d5e00000)
  to   space 512K, 0% used [0x00000000d5d00000,0x00000000d5d00000,0x00000000d5d80000)
 ParOldGen       total 608256K, used 607816K [0x0000000080000000, 0x00000000a5200000, 0x00000000d5580000)
  object space 608256K, 99% used [0x0000000080000000,0x00000000a5192298,0x00000000a5200000)
 Metaspace       used 85921K, committed 87488K, reserved 1179648K
  class space    used 8572K, committed 9280K, reserved 1048576K
}
Event: 31408.962 GC heap after
{Heap after GC invocations=1941 (full 8):
 PSYoungGen      total 7680K, used 482K [0x00000000d5580000, 0x00000000d6680000, 0x0000000100000000)
  eden space 7168K, 0% used [0x00000000d5580000,0x00000000d5580000,0x00000000d5c80000)
  from space 512K, 94% used [0x00000000d5d00000,0x00000000d5d78b78,0x00000000d5d80000)
  to   space 5120K, 0% used [0x00000000d6180000,0x00000000d6180000,0x00000000d6680000)
 ParOldGen       total 611840K, used 611331K [0x0000000080000000, 0x00000000a5580000, 0x00000000d5580000)
  object space 611840K, 99% used [0x0000000080000000,0x00000000a5500ea0,0x00000000a5580000)
 Metaspace       used 85921K, committed 87488K, reserved 1179648K
  class space    used 8572K, committed 9280K, reserved 1048576K
}
Event: 31413.194 GC heap before
{Heap before GC invocations=1942 (full 8):
 PSYoungGen      total 7680K, used 7650K [0x00000000d5580000, 0x00000000d6680000, 0x0000000100000000)
  eden space 7168K, 100% used [0x00000000d5580000,0x00000000d5c80000,0x00000000d5c80000)
  from space 512K, 94% used [0x00000000d5d00000,0x00000000d5d78b78,0x00000000d5d80000)
  to   space 5120K, 0% used [0x00000000d6180000,0x00000000d6180000,0x00000000d6680000)
 ParOldGen       total 611840K, used 611331K [0x0000000080000000, 0x00000000a5580000, 0x00000000d5580000)
  object space 611840K, 99% used [0x0000000080000000,0x00000000a5500ea0,0x00000000a5580000)
 Metaspace       used 85923K, committed 87488K, reserved 1179648K
  class space    used 8572K, committed 9280K, reserved 1048576K
}
Event: 31413.198 GC heap after
{Heap after GC invocations=1942 (full 8):
 PSYoungGen      total 11776K, used 4180K [0x00000000d5580000, 0x00000000d6600000, 0x0000000100000000)
  eden space 7168K, 0% used [0x00000000d5580000,0x00000000d5580000,0x00000000d5c80000)
  from space 4608K, 90% used [0x00000000d6180000,0x00000000d6595348,0x00000000d6600000)
  to   space 4608K, 0% used [0x00000000d5d00000,0x00000000d5d00000,0x00000000d6180000)
 ParOldGen       total 611840K, used 611813K [0x0000000080000000, 0x00000000a5580000, 0x00000000d5580000)
  object space 611840K, 99% used [0x0000000080000000,0x00000000a55794b8,0x00000000a5580000)
 Metaspace       used 85923K, committed 87488K, reserved 1179648K
  class space    used 8572K, committed 9280K, reserved 1048576K
}
Event: 32298.415 GC heap before
{Heap before GC invocations=1943 (full 8):
 PSYoungGen      total 11776K, used 11348K [0x00000000d5580000, 0x00000000d6600000, 0x0000000100000000)
  eden space 7168K, 100% used [0x00000000d5580000,0x00000000d5c80000,0x00000000d5c80000)
  from space 4608K, 90% used [0x00000000d6180000,0x00000000d6595348,0x00000000d6600000)
  to   space 4608K, 0% used [0x00000000d5d00000,0x00000000d5d00000,0x00000000d6180000)
 ParOldGen       total 611840K, used 611813K [0x0000000080000000, 0x00000000a5580000, 0x00000000d5580000)
  object space 611840K, 99% used [0x0000000080000000,0x00000000a55794b8,0x00000000a5580000)
 Metaspace       used 85932K, committed 87488K, reserved 1179648K
  class space    used 8572K, committed 9280K, reserved 1048576K
}
Event: 32298.704 GC heap after
{Heap after GC invocations=1943 (full 8):
 PSYoungGen      total 8192K, used 832K [0x00000000d5580000, 0x00000000d6200000, 0x0000000100000000)
  eden space 7168K, 0% used [0x00000000d5580000,0x00000000d5580000,0x00000000d5c80000)
  from space 1024K, 81% used [0x00000000d5d00000,0x00000000d5dd0000,0x00000000d5e00000)
  to   space 2560K, 0% used [0x00000000d5f80000,0x00000000d5f80000,0x00000000d6200000)
 ParOldGen       total 613376K, used 613109K [0x0000000080000000, 0x00000000a5700000, 0x00000000d5580000)
  object space 613376K, 99% used [0x0000000080000000,0x00000000a56bd4e8,0x00000000a5700000)
 Metaspace       used 85932K, committed 87488K, reserved 1179648K
  class space    used 8572K, committed 9280K, reserved 1048576K
}
Event: 32303.941 GC heap before
{Heap before GC invocations=1944 (full 8):
 PSYoungGen      total 8192K, used 8000K [0x00000000d5580000, 0x00000000d6200000, 0x0000000100000000)
  eden space 7168K, 100% used [0x00000000d5580000,0x00000000d5c80000,0x00000000d5c80000)
  from space 1024K, 81% used [0x00000000d5d00000,0x00000000d5dd0000,0x00000000d5e00000)
  to   space 2560K, 0% used [0x00000000d5f80000,0x00000000d5f80000,0x00000000d6200000)
 ParOldGen       total 645120K, used 643829K [0x0000000080000000, 0x00000000a7600000, 0x00000000d5580000)
  object space 645120K, 99% used [0x0000000080000000,0x00000000a74bd518,0x00000000a7600000)
 Metaspace       used 85950K, committed 87488K, reserved 1179648K
  class space    used 8572K, committed 9280K, reserved 1048576K
}
Event: 32303.944 GC heap after
{Heap after GC invocations=1944 (full 8):
 PSYoungGen      total 7680K, used 384K [0x00000000d5580000, 0x00000000d6000000, 0x0000000100000000)
  eden space 7168K, 0% used [0x00000000d5580000,0x00000000d5580000,0x00000000d5c80000)
  from space 512K, 75% used [0x00000000d5f80000,0x00000000d5fe0000,0x00000000d6000000)
  to   space 1024K, 0% used [0x00000000d5e00000,0x00000000d5e00000,0x00000000d5f00000)
 ParOldGen       total 645120K, used 644325K [0x0000000080000000, 0x00000000a7600000, 0x00000000d5580000)
  object space 645120K, 99% used [0x0000000080000000,0x00000000a7539558,0x00000000a7600000)
 Metaspace       used 85950K, committed 87488K, reserved 1179648K
  class space    used 8572K, committed 9280K, reserved 1048576K
}
Event: 32859.601 GC heap before
{Heap before GC invocations=1945 (full 8):
 PSYoungGen      total 7680K, used 7552K [0x00000000d5580000, 0x00000000d6000000, 0x0000000100000000)
  eden space 7168K, 100% used [0x00000000d5580000,0x00000000d5c80000,0x00000000d5c80000)
  from space 512K, 75% used [0x00000000d5f80000,0x00000000d5fe0000,0x00000000d6000000)
  to   space 1024K, 0% used [0x00000000d5e00000,0x00000000d5e00000,0x00000000d5f00000)
 ParOldGen       total 645120K, used 644325K [0x0000000080000000, 0x00000000a7600000, 0x00000000d5580000)
  object space 645120K, 99% used [0x0000000080000000,0x00000000a7539558,0x00000000a7600000)
 Metaspace       used 86056K, committed 87616K, reserved 1179648K
  class space    used 8580K, committed 9280K, reserved 1048576K
}
Event: 32859.609 GC heap after
{Heap after GC invocations=1945 (full 8):
 PSYoungGen      total 8192K, used 304K [0x00000000d5580000, 0x00000000d6000000, 0x0000000100000000)
  eden space 7168K, 0% used [0x00000000d5580000,0x00000000d5580000,0x00000000d5c80000)
  from space 1024K, 29% used [0x00000000d5e00000,0x00000000d5e4c010,0x00000000d5f00000)
  to   space 512K, 0% used [0x00000000d5f80000,0x00000000d5f80000,0x00000000d6000000)
 ParOldGen       total 645120K, used 644365K [0x0000000080000000, 0x00000000a7600000, 0x00000000d5580000)
  object space 645120K, 99% used [0x0000000080000000,0x00000000a7543558,0x00000000a7600000)
 Metaspace       used 86056K, committed 87616K, reserved 1179648K
  class space    used 8580K, committed 9280K, reserved 1048576K
}
Event: 33812.261 GC heap before
{Heap before GC invocations=1946 (full 8):
 PSYoungGen      total 8192K, used 7468K [0x00000000d5580000, 0x00000000d6000000, 0x0000000100000000)
  eden space 7168K, 99% used [0x00000000d5580000,0x00000000d5c7f318,0x00000000d5c80000)
  from space 1024K, 29% used [0x00000000d5e00000,0x00000000d5e4c010,0x00000000d5f00000)
  to   space 512K, 0% used [0x00000000d5f80000,0x00000000d5f80000,0x00000000d6000000)
 ParOldGen       total 676864K, used 675085K [0x0000000080000000, 0x00000000a9500000, 0x00000000d5580000)
  object space 676864K, 99% used [0x0000000080000000,0x00000000a9343588,0x00000000a9500000)
 Metaspace       used 86058K, committed 87616K, reserved 1179648K
  class space    used 8580K, committed 9280K, reserved 1048576K
}
Event: 33812.269 GC heap after
{Heap after GC invocations=1946 (full 8):
 PSYoungGen      total 7680K, used 320K [0x00000000d5580000, 0x00000000d6000000, 0x0000000100000000)
  eden space 7168K, 0% used [0x00000000d5580000,0x00000000d5580000,0x00000000d5c80000)
  from space 512K, 62% used [0x00000000d5f80000,0x00000000d5fd0000,0x00000000d6000000)
  to   space 512K, 0% used [0x00000000d5f00000,0x00000000d5f00000,0x00000000d5f80000)
 ParOldGen       total 676864K, used 675149K [0x0000000080000000, 0x00000000a9500000, 0x00000000d5580000)
  object space 676864K, 99% used [0x0000000080000000,0x00000000a9353598,0x00000000a9500000)
 Metaspace       used 86058K, committed 87616K, reserved 1179648K
  class space    used 8580K, committed 9280K, reserved 1048576K
}

